<?xml version="1.0" encoding="UTF-8"?>
<!-- Generated by org.testng.reporters.JUnitXMLReporter -->
<testsuite ignored="0" hostname="USHYDGEVIJAYKU8" failures="0" tests="5" name="Surefire test" time="31.907" errors="0" timestamp="2023-01-29T16:25:01 IST">
  <testcase classname="tests.LoginTest" name="login" time="1.549"/>
  <testcase classname="tests.LoginTest" name="login" time="6.283"/>
  <testcase classname="tests.OneTest" name="one" time="0.0"/>
  <testcase classname="tests.ThreeTest" name="three" time="0.0"/>
  <testcase classname="tests.TwoTest" name="Two" time="0.0"/>
</testsuite> <!-- Surefire test -->
